2026-04-24 14:33:34 [error]: TypeError: Router.use() requires a middleware function but got a Object
    at Function.use (C:\Projects\safety-monitor\safety-monitor\server\node_modules\express\lib\router\index.js:469:13)
    at Function.<anonymous> (C:\Projects\safety-monitor\safety-monitor\server\node_modules\express\lib\application.js:227:21)
    at Array.forEach (<anonymous>)
    at Function.use (C:\Projects\safety-monitor\safety-monitor\server\node_modules\express\lib\application.js:224:7)
    at Object.<anonymous> (C:\Projects\safety-monitor\safety-monitor\server\server.js:84:5)
    at Module._compile (node:internal/modules/cjs/loader:1562:14)
    at Object..js (node:internal/modules/cjs/loader:1699:10)
    at Module.load (node:internal/modules/cjs/loader:1313:32)
    at Function._load (node:internal/modules/cjs/loader:1123:12)
    at TracingChannel.traceSync (node:diagnostics_channel:322:14)
2026-04-24 14:33:34 [error]: TypeError: Router.use() requires a middleware function but got a Object
    at Function.use (C:\Projects\safety-monitor\safety-monitor\server\node_modules\express\lib\router\index.js:469:13)
    at Function.<anonymous> (C:\Projects\safety-monitor\safety-monitor\server\node_modules\express\lib\application.js:227:21)
    at Array.forEach (<anonymous>)
    at Function.use (C:\Projects\safety-monitor\safety-monitor\server\node_modules\express\lib\application.js:224:7)
    at Object.<anonymous> (C:\Projects\safety-monitor\safety-monitor\server\server.js:84:5)
    at Module._compile (node:internal/modules/cjs/loader:1562:14)
    at Object..js (node:internal/modules/cjs/loader:1699:10)
    at Module.load (node:internal/modules/cjs/loader:1313:32)
    at Function._load (node:internal/modules/cjs/loader:1123:12)
    at TracingChannel.traceSync (node:diagnostics_channel:322:14)
2026-04-24 14:34:55 [error]: TypeError: Router.use() requires a middleware function but got a Object
    at Function.use (C:\Projects\safety-monitor\safety-monitor\server\node_modules\express\lib\router\index.js:469:13)
    at Function.<anonymous> (C:\Projects\safety-monitor\safety-monitor\server\node_modules\express\lib\application.js:227:21)
    at Array.forEach (<anonymous>)
    at Function.use (C:\Projects\safety-monitor\safety-monitor\server\node_modules\express\lib\application.js:224:7)
    at Object.<anonymous> (C:\Projects\safety-monitor\safety-monitor\server\server.js:84:5)
    at Module._compile (node:internal/modules/cjs/loader:1562:14)
    at Object..js (node:internal/modules/cjs/loader:1699:10)
    at Module.load (node:internal/modules/cjs/loader:1313:32)
    at Function._load (node:internal/modules/cjs/loader:1123:12)
    at TracingChannel.traceSync (node:diagnostics_channel:322:14)
2026-04-24 15:21:47 [error]: TypeError: Router.use() requires a middleware function but got a Object
    at Function.use (C:\Projects\safety-monitor\safety-monitor\server\node_modules\express\lib\router\index.js:469:13)
    at Function.<anonymous> (C:\Projects\safety-monitor\safety-monitor\server\node_modules\express\lib\application.js:227:21)
    at Array.forEach (<anonymous>)
    at Function.use (C:\Projects\safety-monitor\safety-monitor\server\node_modules\express\lib\application.js:224:7)
    at Object.<anonymous> (C:\Projects\safety-monitor\safety-monitor\server\server.js:84:5)
    at Module._compile (node:internal/modules/cjs/loader:1562:14)
    at Object..js (node:internal/modules/cjs/loader:1699:10)
    at Module.load (node:internal/modules/cjs/loader:1313:32)
    at Function._load (node:internal/modules/cjs/loader:1123:12)
    at TracingChannel.traceSync (node:diagnostics_channel:322:14)
2026-04-24 15:21:56 [error]: TypeError: Router.use() requires a middleware function but got a Object
    at Function.use (C:\Projects\safety-monitor\safety-monitor\server\node_modules\express\lib\router\index.js:469:13)
    at Function.<anonymous> (C:\Projects\safety-monitor\safety-monitor\server\node_modules\express\lib\application.js:227:21)
    at Array.forEach (<anonymous>)
    at Function.use (C:\Projects\safety-monitor\safety-monitor\server\node_modules\express\lib\application.js:224:7)
    at Object.<anonymous> (C:\Projects\safety-monitor\safety-monitor\server\server.js:84:5)
    at Module._compile (node:internal/modules/cjs/loader:1562:14)
    at Object..js (node:internal/modules/cjs/loader:1699:10)
    at Module.load (node:internal/modules/cjs/loader:1313:32)
    at Function._load (node:internal/modules/cjs/loader:1123:12)
    at TracingChannel.traceSync (node:diagnostics_channel:322:14)
2026-04-24 15:23:08 [error]: TypeError: Router.use() requires a middleware function but got a Object
    at Function.use (C:\Projects\safety-monitor\safety-monitor\server\node_modules\express\lib\router\index.js:469:13)
    at Function.<anonymous> (C:\Projects\safety-monitor\safety-monitor\server\node_modules\express\lib\application.js:227:21)
    at Array.forEach (<anonymous>)
    at Function.use (C:\Projects\safety-monitor\safety-monitor\server\node_modules\express\lib\application.js:224:7)
    at Object.<anonymous> (C:\Projects\safety-monitor\safety-monitor\server\server.js:84:5)
    at Module._compile (node:internal/modules/cjs/loader:1562:14)
    at Object..js (node:internal/modules/cjs/loader:1699:10)
    at Module.load (node:internal/modules/cjs/loader:1313:32)
    at Function._load (node:internal/modules/cjs/loader:1123:12)
    at TracingChannel.traceSync (node:diagnostics_channel:322:14)
